Determining if the pthread_create exist failed with the following output:
Change Dir: /home/ros/Escritorio/proyecto/build/CMakeFiles/CMakeTmp

Run Build Command:"/usr/bin/make" "cmTC_09619/fast"
/usr/bin/make -f CMakeFiles/cmTC_09619.dir/build.make CMakeFiles/cmTC_09619.dir/build
make[1]: se entra en el directorio '/home/ros/Escritorio/proyecto/build/CMakeFiles/CMakeTmp'
Building C object CMakeFiles/cmTC_09619.dir/CheckSymbolExists.c.o
/usr/bin/cc     -o CMakeFiles/cmTC_09619.dir/CheckSymbolExists.c.o   -c /home/ros/Escritorio/proyecto/build/CMakeFiles/CMakeTmp/CheckSymbolExists.c
Linking C executable cmTC_09619
/usr/bin/cmake -E cmake_link_script CMakeFiles/cmTC_09619.dir/link.txt --verbose=1
/usr/bin/cc       CMakeFiles/cmTC_09619.dir/CheckSymbolExists.c.o  -o cmTC_09619 -rdynamic 
CMakeFiles/cmTC_09619.dir/CheckSymbolExists.c.o: En la función `main':
CheckSymbolExists.c:(.text+0x16): referencia a `pthread_create' sin definir
collect2: error: ld returned 1 exit status
CMakeFiles/cmTC_09619.dir/build.make:97: fallo en las instrucciones para el objetivo 'cmTC_09619'
make[1]: *** [cmTC_09619] Error 1
make[1]: se sale del directorio '/home/ros/Escritorio/proyecto/build/CMakeFiles/CMakeTmp'
Makefile:126: fallo en las instrucciones para el objetivo 'cmTC_09619/fast'
make: *** [cmTC_09619/fast] Error 2

File /home/ros/Escritorio/proyecto/build/CMakeFiles/CMakeTmp/CheckSymbolExists.c:
/* */
#include <pthread.h>

int main(int argc, char** argv)
{
  (void)argv;
#ifndef pthread_create
  return ((int*)(&pthread_create))[argc];
#else
  (void)argc;
  return 0;
#endif
}

Determining if the function pthread_create exists in the pthreads failed with the following output:
Change Dir: /home/ros/Escritorio/proyecto/build/CMakeFiles/CMakeTmp

Run Build Command:"/usr/bin/make" "cmTC_96ad3/fast"
/usr/bin/make -f CMakeFiles/cmTC_96ad3.dir/build.make CMakeFiles/cmTC_96ad3.dir/build
make[1]: se entra en el directorio '/home/ros/Escritorio/proyecto/build/CMakeFiles/CMakeTmp'
Building C object CMakeFiles/cmTC_96ad3.dir/CheckFunctionExists.c.o
/usr/bin/cc    -DCHECK_FUNCTION_EXISTS=pthread_create   -o CMakeFiles/cmTC_96ad3.dir/CheckFunctionExists.c.o   -c /usr/share/cmake-3.5/Modules/CheckFunctionExists.c
Linking C executable cmTC_96ad3
/usr/bin/cmake -E cmake_link_script CMakeFiles/cmTC_96ad3.dir/link.txt --verbose=1
/usr/bin/cc   -DCHECK_FUNCTION_EXISTS=pthread_create    CMakeFiles/cmTC_96ad3.dir/CheckFunctionExists.c.o  -o cmTC_96ad3 -rdynamic -lpthreads 
/usr/bin/ld: no se puede encontrar -lpthreads
collect2: error: ld returned 1 exit status
CMakeFiles/cmTC_96ad3.dir/build.make:97: fallo en las instrucciones para el objetivo 'cmTC_96ad3'
make[1]: *** [cmTC_96ad3] Error 1
make[1]: se sale del directorio '/home/ros/Escritorio/proyecto/build/CMakeFiles/CMakeTmp'
Makefile:126: fallo en las instrucciones para el objetivo 'cmTC_96ad3/fast'
make: *** [cmTC_96ad3/fast] Error 2


